c:\users\竜成\documents\visual studio 2017\projects\osero4\osero\x64\debug\osero.pch
c:\users\竜成\documents\visual studio 2017\projects\osero4\osero\x64\debug\vc141.pdb
c:\users\竜成\documents\visual studio 2017\projects\osero4\osero\x64\debug\vc141.idb
c:\users\竜成\documents\visual studio 2017\projects\osero4\osero\x64\debug\stdafx.obj
c:\users\竜成\documents\visual studio 2017\projects\osero4\osero\x64\debug\classview.obj
c:\users\竜成\documents\visual studio 2017\projects\osero4\osero\x64\debug\fileview.obj
c:\users\竜成\documents\visual studio 2017\projects\osero4\osero\x64\debug\mainfrm.obj
c:\users\竜成\documents\visual studio 2017\projects\osero4\osero\x64\debug\osero.obj
c:\users\竜成\documents\visual studio 2017\projects\osero4\osero\x64\debug\oserodoc.obj
c:\users\竜成\documents\visual studio 2017\projects\osero4\osero\x64\debug\oseroview.obj
c:\users\竜成\documents\visual studio 2017\projects\osero4\osero\x64\debug\outputwnd.obj
c:\users\竜成\documents\visual studio 2017\projects\osero4\osero\x64\debug\propertieswnd.obj
c:\users\竜成\documents\visual studio 2017\projects\osero4\osero\x64\debug\viewtree.obj
c:\users\竜成\documents\visual studio 2017\projects\osero4\x64\debug\osero.ilk
c:\users\竜成\documents\visual studio 2017\projects\osero4\x64\debug\osero.exe
c:\users\竜成\documents\visual studio 2017\projects\osero4\x64\debug\osero.pdb
c:\users\竜成\documents\visual studio 2017\projects\osero4\osero\x64\debug\osero.res
c:\users\竜成\documents\visual studio 2017\projects\osero4\osero\x64\debug\osero.tlog\cl.command.1.tlog
c:\users\竜成\documents\visual studio 2017\projects\osero4\osero\x64\debug\osero.tlog\cl.read.1.tlog
c:\users\竜成\documents\visual studio 2017\projects\osero4\osero\x64\debug\osero.tlog\cl.write.1.tlog
c:\users\竜成\documents\visual studio 2017\projects\osero4\osero\x64\debug\osero.tlog\link.command.1.tlog
c:\users\竜成\documents\visual studio 2017\projects\osero4\osero\x64\debug\osero.tlog\link.read.1.tlog
c:\users\竜成\documents\visual studio 2017\projects\osero4\osero\x64\debug\osero.tlog\link.write.1.tlog
c:\users\竜成\documents\visual studio 2017\projects\osero4\osero\x64\debug\osero.tlog\rc.command.1.tlog
c:\users\竜成\documents\visual studio 2017\projects\osero4\osero\x64\debug\osero.tlog\rc.read.1.tlog
c:\users\竜成\documents\visual studio 2017\projects\osero4\osero\x64\debug\osero.tlog\rc.write.1.tlog
